
======== GPU REPORT ========

==============NVSMI LOG==============

Timestamp                                 : Tue Aug  9 19:58:58 2022
Driver Version                            : 510.73.08
CUDA Version                              : 11.6

Attached GPUs                             : 2
GPU 00000000:A3:00.0
    Accounting Mode                       : Enabled
    Accounting Mode Buffer Size           : 4000
    Accounted Processes                   : None

GPU 00000000:C3:00.0
    Accounting Mode                       : Enabled
    Accounting Mode Buffer Size           : 4000
    Accounted Processes                   : None

Tue Aug  9 19:58:58 2022       
+-----------------------------------------------------------------------------+
| NVIDIA-SMI 510.73.08    Driver Version: 510.73.08    CUDA Version: 11.6     |
|-------------------------------+----------------------+----------------------+
| GPU  Name        Persistence-M| Bus-Id        Disp.A | Volatile Uncorr. ECC |
| Fan  Temp  Perf  Pwr:Usage/Cap|         Memory-Usage | GPU-Util  Compute M. |
|                               |                      |               MIG M. |
|===============================+======================+======================|
|   0  Quadro RTX 8000     On   | 00000000:A3:00.0 Off |                  Off |
| 33%   21C    P8     9W / 260W |      1MiB / 49152MiB |      0%      Default |
|                               |                      |                  N/A |
+-------------------------------+----------------------+----------------------+
|   1  Quadro RTX 8000     On   | 00000000:C3:00.0 Off |                  Off |
| 33%   22C    P8    19W / 260W |      1MiB / 49152MiB |      0%      Default |
|                               |                      |                  N/A |
+-------------------------------+----------------------+----------------------+
                                                                               
+-----------------------------------------------------------------------------+
| Processes:                                                                  |
|  GPU   GI   CI        PID   Type   Process name                  GPU Memory |
|        ID   ID                                                   Usage      |
|=============================================================================|
|  No running processes found                                                 |
+-----------------------------------------------------------------------------+
