
======== GPU REPORT ========

==============NVSMI LOG==============

Timestamp                                 : Wed Aug 10 11:59:01 2022
Driver Version                            : 510.73.08
CUDA Version                              : 11.6

Attached GPUs                             : 4
GPU 00000000:28:00.0
    Accounting Mode                       : Enabled
    Accounting Mode Buffer Size           : 4000
    Accounted Processes
        Process ID                        : 60348
            GPU Utilization               : 84 %
            Memory Utilization            : 57 %
            Max memory usage              : 5899 MiB
            Time                          : 52428481 ms
            Is Running                    : 0

GPU 00000000:43:00.0
    Accounting Mode                       : Enabled
    Accounting Mode Buffer Size           : 4000
    Accounted Processes
        Process ID                        : 61586
            GPU Utilization               : 85 %
            Memory Utilization            : 57 %
            Max memory usage              : 5903 MiB
            Time                          : 52391826 ms
            Is Running                    : 0

GPU 00000000:44:00.0
    Accounting Mode                       : Enabled
    Accounting Mode Buffer Size           : 4000
    Accounted Processes
        Process ID                        : 61654
            GPU Utilization               : 85 %
            Memory Utilization            : 57 %
            Max memory usage              : 5903 MiB
            Time                          : 52379053 ms
            Is Running                    : 0

GPU 00000000:C4:00.0
    Accounting Mode                       : Enabled
    Accounting Mode Buffer Size           : 4000
    Accounted Processes
        Process ID                        : 61713
            GPU Utilization               : 84 %
            Memory Utilization            : 57 %
            Max memory usage              : 5899 MiB
            Time                          : 52387554 ms
            Is Running                    : 0

Wed Aug 10 11:59:01 2022       
+-----------------------------------------------------------------------------+
| NVIDIA-SMI 510.73.08    Driver Version: 510.73.08    CUDA Version: 11.6     |
|-------------------------------+----------------------+----------------------+
| GPU  Name        Persistence-M| Bus-Id        Disp.A | Volatile Uncorr. ECC |
| Fan  Temp  Perf  Pwr:Usage/Cap|         Memory-Usage | GPU-Util  Compute M. |
|                               |                      |               MIG M. |
|===============================+======================+======================|
|   0  Quadro RTX 8000     On   | 00000000:28:00.0 Off |                  Off |
| 33%   42C    P0    58W / 260W |      1MiB / 49152MiB |      0%      Default |
|                               |                      |                  N/A |
+-------------------------------+----------------------+----------------------+
|   1  Quadro RTX 8000     On   | 00000000:43:00.0 Off |                  Off |
| 33%   42C    P0    86W / 260W |      1MiB / 49152MiB |      0%      Default |
|                               |                      |                  N/A |
+-------------------------------+----------------------+----------------------+
|   2  Quadro RTX 8000     On   | 00000000:44:00.0 Off |                  Off |
| 33%   37C    P8    11W / 260W |      1MiB / 49152MiB |      0%      Default |
|                               |                      |                  N/A |
+-------------------------------+----------------------+----------------------+
|   3  Quadro RTX 8000     On   | 00000000:C4:00.0 Off |                  Off |
| 33%   34C    P0    89W / 260W |      1MiB / 49152MiB |      0%      Default |
|                               |                      |                  N/A |
+-------------------------------+----------------------+----------------------+
                                                                               
+-----------------------------------------------------------------------------+
| Processes:                                                                  |
|  GPU   GI   CI        PID   Type   Process name                  GPU Memory |
|        ID   ID                                                   Usage      |
|=============================================================================|
|  No running processes found                                                 |
+-----------------------------------------------------------------------------+
