[2022-07-19 20:22:55,126][torch.distributed.nn.jit.instantiator][INFO] - Created a temporary directory at /tmp/tmp0xku3ixh
[2022-07-19 20:22:55,127][torch.distributed.nn.jit.instantiator][INFO] - Writing /tmp/tmp0xku3ixh/_remote_module_non_scriptable.py
[2022-07-19 20:22:58,046][composer.datasets.ffcv_utils][INFO] - Writing dataset in FFCV <file>.ffcv format to /Tmp/slurm.2057166.0/data/geolife_train_data.ffcv.
[2022-07-19 20:53:02,830][composer.datasets.ffcv_utils][INFO] - Writing dataset in FFCV <file>.ffcv format to /Tmp/slurm.2057166.0/data/geolife_val_data.ffcv.
[2022-07-20 09:30:07,504][urllib3.connectionpool][WARNING] - Retrying (Retry(total=2, connect=None, read=None, redirect=None, status=None)) after connection broken by 'ReadTimeoutError("HTTPSConnectionPool(host='www.comet-ml.com', port=443): Read timed out. (read timeout=10)")': /clientlib/status-report/update
[2022-07-20 09:30:21,820][urllib3.connectionpool][WARNING] - Retrying (Retry(total=1, connect=None, read=None, redirect=None, status=None)) after connection broken by 'ReadTimeoutError("HTTPSConnectionPool(host='www.comet-ml.com', port=443): Read timed out. (read timeout=10)")': /clientlib/status-report/update
[2022-07-20 09:30:52,036][urllib3.connectionpool][WARNING] - Retrying (Retry(total=2, connect=None, read=None, redirect=None, status=None)) after connection broken by 'ReadTimeoutError("HTTPSConnectionPool(host='www.comet-ml.com', port=443): Read timed out. (read timeout=10)")': /clientlib/status-report/update
[2022-07-21 06:24:56,878][urllib3.connectionpool][WARNING] - Retrying (Retry(total=2, connect=None, read=None, redirect=None, status=None)) after connection broken by 'ReadTimeoutError("HTTPSConnectionPool(host='www.comet-ml.com', port=443): Read timed out. (read timeout=10)")': /clientlib/status-report/update
[2022-07-21 06:37:24,832][urllib3.connectionpool][WARNING] - Retrying (Retry(total=2, connect=None, read=None, redirect=None, status=None)) after connection broken by 'ReadTimeoutError("HTTPSConnectionPool(host='www.comet-ml.com', port=443): Read timed out. (read timeout=10)")': /clientlib/status-report/update
[2022-07-21 06:42:46,700][urllib3.connectionpool][WARNING] - Retrying (Retry(total=2, connect=None, read=None, redirect=None, status=None)) after connection broken by 'ReadTimeoutError("HTTPSConnectionPool(host='www.comet-ml.com', port=443): Read timed out. (read timeout=10)")': /clientlib/status-report/update
[2022-07-21 06:46:53,960][urllib3.connectionpool][WARNING] - Retrying (Retry(total=2, connect=None, read=None, redirect=None, status=None)) after connection broken by 'ReadTimeoutError("HTTPSConnectionPool(host='www.comet-ml.com', port=443): Read timed out. (read timeout=10)")': /clientlib/status-report/update
[2022-07-21 06:55:38,048][urllib3.connectionpool][WARNING] - Retrying (Retry(total=2, connect=None, read=None, redirect=None, status=None)) after connection broken by 'ReadTimeoutError("HTTPSConnectionPool(host='www.comet-ml.com', port=443): Read timed out. (read timeout=10)")': /clientlib/status-report/update
[2022-07-21 07:08:33,544][urllib3.connectionpool][WARNING] - Retrying (Retry(total=2, connect=None, read=None, redirect=None, status=None)) after connection broken by 'ReadTimeoutError("HTTPSConnectionPool(host='www.comet-ml.com', port=443): Read timed out. (read timeout=10)")': /clientlib/status-report/update
[2022-07-21 07:13:55,416][urllib3.connectionpool][WARNING] - Retrying (Retry(total=2, connect=None, read=None, redirect=None, status=None)) after connection broken by 'ReadTimeoutError("HTTPSConnectionPool(host='www.comet-ml.com', port=443): Read timed out. (read timeout=10)")': /clientlib/status-report/update
[2022-07-21 07:29:48,920][urllib3.connectionpool][WARNING] - Retrying (Retry(total=2, connect=None, read=None, redirect=None, status=None)) after connection broken by 'ReadTimeoutError("HTTPSConnectionPool(host='www.comet-ml.com', port=443): Read timed out. (read timeout=10)")': /api/rest/v2/write/experiment/update-status
[2022-07-21 08:00:10,884][urllib3.connectionpool][WARNING] - Retrying (Retry(total=2, connect=None, read=None, redirect=None, status=None)) after connection broken by 'ReadTimeoutError("HTTPSConnectionPool(host='www.comet-ml.com', port=443): Read timed out. (read timeout=10)")': /clientlib/status-report/update
[2022-07-21 09:10:56,388][urllib3.connectionpool][WARNING] - Retrying (Retry(total=2, connect=None, read=None, redirect=None, status=None)) after connection broken by 'ReadTimeoutError("HTTPSConnectionPool(host='www.comet-ml.com', port=443): Read timed out. (read timeout=10)")': /clientlib/status-report/update
[2022-07-21 09:13:23,128][urllib3.connectionpool][WARNING] - Retrying (Retry(total=2, connect=None, read=None, redirect=None, status=None)) after connection broken by 'ReadTimeoutError("HTTPSConnectionPool(host='www.comet-ml.com', port=443): Read timed out. (read timeout=10)")': /clientlib/status-report/update
[2022-07-21 09:14:13,436][urllib3.connectionpool][WARNING] - Retrying (Retry(total=2, connect=None, read=None, redirect=None, status=None)) after connection broken by 'ReadTimeoutError("HTTPSConnectionPool(host='www.comet-ml.com', port=443): Read timed out. (read timeout=10)")': /clientlib/status-report/update
[2022-07-21 09:14:33,572][urllib3.connectionpool][WARNING] - Retrying (Retry(total=2, connect=None, read=None, redirect=None, status=None)) after connection broken by 'ReadTimeoutError("HTTPSConnectionPool(host='www.comet-ml.com', port=443): Read timed out. (read timeout=10)")': /clientlib/status-report/update
[2022-07-21 09:14:47,660][urllib3.connectionpool][WARNING] - Retrying (Retry(total=1, connect=None, read=None, redirect=None, status=None)) after connection broken by 'ReadTimeoutError("HTTPSConnectionPool(host='www.comet-ml.com', port=443): Read timed out. (read timeout=10)")': /clientlib/status-report/update
