[2022-08-03 17:23:18,353][torch.distributed.nn.jit.instantiator][INFO] - Created a temporary directory at /tmp/tmpr5fwtwqy
[2022-08-03 17:23:18,354][torch.distributed.nn.jit.instantiator][INFO] - Writing /tmp/tmpr5fwtwqy/_remote_module_non_scriptable.py
[2022-08-03 17:23:42,886][torch.distributed.distributed_c10d][INFO] - Added key: store_based_barrier_key:1 to store for rank: 0
[2022-08-03 17:23:42,891][torch.distributed.distributed_c10d][INFO] - Rank 0: Completed store-based barrier for key:store_based_barrier_key:1 with 2 nodes.
[2022-08-04 15:39:18,934][urllib3.connectionpool][WARNING] - Retrying (Retry(total=2, connect=None, read=None, redirect=None, status=None)) after connection broken by 'ReadTimeoutError("HTTPSConnectionPool(host='www.comet-ml.com', port=443): Read timed out. (read timeout=10)")': /clientlib/status-report/update
[2022-08-04 15:39:33,040][urllib3.connectionpool][WARNING] - Retrying (Retry(total=1, connect=None, read=None, redirect=None, status=None)) after connection broken by 'ReadTimeoutError("HTTPSConnectionPool(host='www.comet-ml.com', port=443): Read timed out. (read timeout=10)")': /clientlib/status-report/update
[2022-08-04 15:39:53,185][urllib3.connectionpool][WARNING] - Retrying (Retry(total=2, connect=None, read=None, redirect=None, status=None)) after connection broken by 'ReadTimeoutError("HTTPSConnectionPool(host='www.comet-ml.com', port=443): Read timed out. (read timeout=10)")': /clientlib/status-report/update
[2022-08-05 09:11:40,494][urllib3.connectionpool][WARNING] - Retrying (Retry(total=2, connect=None, read=None, redirect=None, status=None)) after connection broken by 'ReadTimeoutError("HTTPSConnectionPool(host='www.comet-ml.com', port=443): Read timed out. (read timeout=10)")': /clientlib/status-report/update
[2022-08-05 09:23:44,585][urllib3.connectionpool][WARNING] - Retrying (Retry(total=2, connect=None, read=None, redirect=None, status=None)) after connection broken by 'ReadTimeoutError("HTTPSConnectionPool(host='www.comet-ml.com', port=443): Read timed out. (read timeout=10)")': /clientlib/status-report/update
[2022-08-05 09:25:55,351][urllib3.connectionpool][WARNING] - Retrying (Retry(total=2, connect=None, read=None, redirect=None, status=None)) after connection broken by 'ReadTimeoutError("HTTPSConnectionPool(host='www.comet-ml.com', port=443): Read timed out. (read timeout=10)")': /clientlib/status-report/update
[2022-08-05 15:23:54,269][urllib3.connectionpool][WARNING] - Retrying (Retry(total=2, connect=None, read=None, redirect=None, status=None)) after connection broken by 'ReadTimeoutError("HTTPSConnectionPool(host='www.comet-ml.com', port=443): Read timed out. (read timeout=10)")': /clientlib/status-report/update
[2022-08-06 09:10:22,285][urllib3.connectionpool][WARNING] - Retrying (Retry(total=2, connect=None, read=None, redirect=None, status=None)) after connection broken by 'ReadTimeoutError("HTTPSConnectionPool(host='www.comet-ml.com', port=443): Read timed out. (read timeout=10)")': /clientlib/status-report/update
[2022-08-06 09:10:52,517][urllib3.connectionpool][WARNING] - Retrying (Retry(total=2, connect=None, read=None, redirect=None, status=None)) after connection broken by 'ReadTimeoutError("HTTPSConnectionPool(host='www.comet-ml.com', port=443): Read timed out. (read timeout=10)")': /clientlib/status-report/update
[2022-08-06 09:20:55,808][urllib3.connectionpool][WARNING] - Retrying (Retry(total=2, connect=None, read=None, redirect=None, status=None)) after connection broken by 'ReadTimeoutError("HTTPSConnectionPool(host='www.comet-ml.com', port=443): Read timed out. (read timeout=10)")': /clientlib/status-report/update
[2022-08-06 09:21:15,954][urllib3.connectionpool][WARNING] - Retrying (Retry(total=2, connect=None, read=None, redirect=None, status=None)) after connection broken by 'ReadTimeoutError("HTTPSConnectionPool(host='www.comet-ml.com', port=443): Read timed out. (read timeout=10)")': /clientlib/status-report/update
[2022-08-06 09:21:36,092][urllib3.connectionpool][WARNING] - Retrying (Retry(total=2, connect=None, read=None, redirect=None, status=None)) after connection broken by 'ReadTimeoutError("HTTPSConnectionPool(host='www.comet-ml.com', port=443): Read timed out. (read timeout=10)")': /clientlib/status-report/update
[2022-08-06 15:01:42,524][urllib3.connectionpool][WARNING] - Retrying (Retry(total=2, connect=None, read=None, redirect=None, status=None)) after connection broken by 'ReadTimeoutError("HTTPSConnectionPool(host='www.comet-ml.com', port=443): Read timed out. (read timeout=10)")': /clientlib/status-report/update
[2022-08-06 15:04:05,022][urllib3.connectionpool][WARNING] - Retrying (Retry(total=2, connect=None, read=None, redirect=None, status=None)) after connection broken by 'ReadTimeoutError("HTTPSConnectionPool(host='www.comet-ml.com', port=443): Read timed out. (read timeout=10)")': /clientlib/status-report/update
[2022-08-06 15:14:18,635][urllib3.connectionpool][WARNING] - Retrying (Retry(total=2, connect=None, read=None, redirect=None, status=None)) after connection broken by 'ReadTimeoutError("HTTPSConnectionPool(host='www.comet-ml.com', port=443): Read timed out. (read timeout=10)")': /clientlib/status-report/update
[2022-08-06 15:14:32,764][urllib3.connectionpool][WARNING] - Retrying (Retry(total=1, connect=None, read=None, redirect=None, status=None)) after connection broken by 'ReadTimeoutError("HTTPSConnectionPool(host='www.comet-ml.com', port=443): Read timed out. (read timeout=10)")': /clientlib/status-report/update
[2022-08-07 15:13:35,930][urllib3.connectionpool][WARNING] - Retrying (Retry(total=2, connect=None, read=None, redirect=None, status=None)) after connection broken by 'ReadTimeoutError("HTTPSConnectionPool(host='www.comet-ml.com', port=443): Read timed out. (read timeout=10)")': /clientlib/status-report/update
[2022-08-07 15:14:56,424][urllib3.connectionpool][WARNING] - Retrying (Retry(total=2, connect=None, read=None, redirect=None, status=None)) after connection broken by 'ReadTimeoutError("HTTPSConnectionPool(host='www.comet-ml.com', port=443): Read timed out. (read timeout=10)")': /clientlib/status-report/update
